2020-11-13 15:59:20,333 - root - ERROR - State:      Getting number of trades       <====> Error Class: <class 'KeyError'>  <====> Details: 'UNI'               
2020-11-13 15:59:20,333 - root - ERROR - State:      Getting number of trades       <====> Error Class: <class 'KeyError'>  <====> Details: 'CPV'               
2020-11-13 15:59:20,333 - root - ERROR - State:      Getting number of trades       <====> Error Class: <class 'KeyError'>  <====> Details: 'CPVB'              
2020-11-13 15:59:20,333 - root - ERROR - State:      Getting number of trades       <====> Error Class: <class 'KeyError'>  <====> Details: 'RWM'               
2020-11-13 15:59:20,333 - root - ERROR - State:      Getting number of trades       <====> Error Class: <class 'KeyError'>  <====> Details: 'LRP'               
2020-11-13 15:59:20,333 - root - ERROR - State:      Getting number of trades       <====> Error Class: <class 'KeyError'>  <====> Details: 'DNA'               
2020-11-13 15:59:20,333 - root - ERROR - State:      Getting number of trades       <====> Error Class: <class 'KeyError'>  <====> Details: 'SMC2B'             
2020-11-13 15:59:20,333 - root - ERROR - State:      Getting number of trades       <====> Error Class: <class 'KeyError'>  <====> Details: 'FGENF'             
2020-11-13 15:59:20,333 - root - ERROR - State:      Getting number of trades       <====> Error Class: <class 'KeyError'>  <====> Details: 'PRF2A'             
2020-11-13 15:59:20,333 - root - ERROR - State:      Getting number of trades       <====> Error Class: <class 'KeyError'>  <====> Details: 'ACPB2'             
2020-11-13 15:59:20,333 - root - ERROR - State:      Getting number of trades       <====> Error Class:<class 'ValueError'> <====> Details: could not convert string to float: 'None'
2020-11-13 15:59:20,333 - root - ERROR - State:      Getting number of trades       <====> Error Class:<class 'ValueError'> <====> Details: could not convert string to float: 'None'
2020-11-13 15:59:20,333 - root - ERROR - State:      Getting number of trades       <====> Error Class:<class 'ValueError'> <====> Details: could not convert string to float: 'None'
2020-11-13 15:59:20,333 - root - ERROR - State:      Getting number of trades       <====> Error Class:<class 'ValueError'> <====> Details: could not convert string to float: 'None'
2020-11-13 15:59:20,333 - root - ERROR - State:      Getting number of trades       <====> Error Class:<class 'ValueError'> <====> Details: could not convert string to float: 'None'
2020-11-13 15:59:20,333 - root - ERROR - State:      Getting number of trades       <====> Error Class:<class 'ValueError'> <====> Details: could not convert string to float: 'None'
2020-11-13 15:59:20,333 - root - ERROR - State:      Getting number of trades       <====> Error Class:<class 'ValueError'> <====> Details: could not convert string to float: 'None'
2020-11-13 15:59:20,333 - root - ERROR - State:      Getting number of trades       <====> Error Class:<class 'ValueError'> <====> Details: could not convert string to float: 'None'
2020-11-13 15:59:20,333 - root - ERROR - State:      Determining volume filter      <====> Error Class:<class 'ZeroDivisionError'> <====> Details: division by zero    
2020-11-13 15:59:20,333 - root - ERROR - State:      Determining volume filter      <====> Error Class:<class 'ZeroDivisionError'> <====> Details: division by zero    
2020-11-13 15:59:20,333 - root - ERROR - State:      Determining volume filter      <====> Error Class:<class 'ZeroDivisionError'> <====> Details: division by zero    
2020-11-13 15:59:53,983 - root - ERROR - State:      Getting number of trades       <====> Error Class: <class 'KeyError'>  <====> Details: 'UNI'               
2020-11-13 15:59:53,983 - root - ERROR - State:      Getting number of trades       <====> Error Class: <class 'KeyError'>  <====> Details: 'CPV'               
2020-11-13 15:59:53,983 - root - ERROR - State:      Getting number of trades       <====> Error Class: <class 'KeyError'>  <====> Details: 'CPVB'              
2020-11-13 15:59:53,983 - root - ERROR - State:      Getting number of trades       <====> Error Class: <class 'KeyError'>  <====> Details: 'RWM'               
2020-11-13 15:59:53,983 - root - ERROR - State:      Getting number of trades       <====> Error Class: <class 'KeyError'>  <====> Details: 'LRP'               
2020-11-13 15:59:53,983 - root - ERROR - State:      Getting number of trades       <====> Error Class: <class 'KeyError'>  <====> Details: 'DNA'               
2020-11-13 15:59:53,983 - root - ERROR - State:      Getting number of trades       <====> Error Class: <class 'KeyError'>  <====> Details: 'SMC2B'             
2020-11-13 15:59:53,983 - root - ERROR - State:      Getting number of trades       <====> Error Class: <class 'KeyError'>  <====> Details: 'FGENF'             
2020-11-13 15:59:53,983 - root - ERROR - State:      Getting number of trades       <====> Error Class: <class 'KeyError'>  <====> Details: 'PRF2A'             
2020-11-13 15:59:53,983 - root - ERROR - State:      Getting number of trades       <====> Error Class: <class 'KeyError'>  <====> Details: 'ACPB2'             
2020-11-13 15:59:53,985 - root - ERROR - State:      Getting number of trades       <====> Error Class:<class 'ValueError'> <====> Details: could not convert string to float: 'None'
2020-11-13 15:59:53,985 - root - ERROR - State:      Getting number of trades       <====> Error Class:<class 'ValueError'> <====> Details: could not convert string to float: 'None'
2020-11-13 15:59:53,985 - root - ERROR - State:      Getting number of trades       <====> Error Class:<class 'ValueError'> <====> Details: could not convert string to float: 'None'
2020-11-13 15:59:53,985 - root - ERROR - State:      Getting number of trades       <====> Error Class:<class 'ValueError'> <====> Details: could not convert string to float: 'None'
2020-11-13 15:59:53,985 - root - ERROR - State:      Getting number of trades       <====> Error Class:<class 'ValueError'> <====> Details: could not convert string to float: 'None'
2020-11-13 15:59:53,985 - root - ERROR - State:      Getting number of trades       <====> Error Class:<class 'ValueError'> <====> Details: could not convert string to float: 'None'
2020-11-13 15:59:53,985 - root - ERROR - State:      Getting number of trades       <====> Error Class:<class 'ValueError'> <====> Details: could not convert string to float: 'None'
2020-11-13 15:59:53,985 - root - ERROR - State:      Getting number of trades       <====> Error Class:<class 'ValueError'> <====> Details: could not convert string to float: 'None'
2020-11-13 15:59:53,985 - root - ERROR - State:      Determining volume filter      <====> Error Class:<class 'ZeroDivisionError'> <====> Details: division by zero    
2020-11-13 16:02:25,252 - root - ERROR - State:      Getting number of trades       <====> Error Class: <class 'KeyError'>  <====> Details: 'UNI'               
2020-11-13 16:02:25,253 - root - ERROR - State:      Getting number of trades       <====> Error Class: <class 'KeyError'>  <====> Details: 'CPV'               
2020-11-13 16:02:25,253 - root - ERROR - State:      Getting number of trades       <====> Error Class: <class 'KeyError'>  <====> Details: 'CPVB'              
2020-11-13 16:02:25,259 - root - ERROR - State:      Getting number of trades       <====> Error Class: <class 'KeyError'>  <====> Details: 'RWM'               
2020-11-13 16:02:25,259 - root - ERROR - State:      Getting number of trades       <====> Error Class: <class 'KeyError'>  <====> Details: 'LRP'               
2020-11-13 16:02:25,259 - root - ERROR - State:      Getting number of trades       <====> Error Class: <class 'KeyError'>  <====> Details: 'DNA'               
2020-11-13 16:02:25,259 - root - ERROR - State:      Getting number of trades       <====> Error Class: <class 'KeyError'>  <====> Details: 'SMC2B'             
2020-11-13 16:02:25,259 - root - ERROR - State:      Getting number of trades       <====> Error Class: <class 'KeyError'>  <====> Details: 'FGENF'             
2020-11-13 16:02:25,259 - root - ERROR - State:      Getting number of trades       <====> Error Class: <class 'KeyError'>  <====> Details: 'PRF2A'             
2020-11-13 16:02:25,259 - root - ERROR - State:      Getting number of trades       <====> Error Class: <class 'KeyError'>  <====> Details: 'ACPB2'             
2020-11-13 16:02:25,260 - root - ERROR - State:      Getting number of trades       <====> Error Class:<class 'ValueError'> <====> Details: could not convert string to float: 'None'
2020-11-13 16:02:25,260 - root - ERROR - State:      Getting number of trades       <====> Error Class:<class 'ValueError'> <====> Details: could not convert string to float: 'None'
2020-11-13 16:02:25,260 - root - ERROR - State:      Getting number of trades       <====> Error Class:<class 'ValueError'> <====> Details: could not convert string to float: 'None'
2020-11-13 16:02:25,260 - root - ERROR - State:      Getting number of trades       <====> Error Class:<class 'ValueError'> <====> Details: could not convert string to float: 'None'
2020-11-13 16:02:25,260 - root - ERROR - State:      Getting number of trades       <====> Error Class:<class 'ValueError'> <====> Details: could not convert string to float: 'None'
2020-11-13 16:02:25,260 - root - ERROR - State:      Getting number of trades       <====> Error Class:<class 'ValueError'> <====> Details: could not convert string to float: 'None'
2020-11-13 16:02:25,260 - root - ERROR - State:      Getting number of trades       <====> Error Class:<class 'ValueError'> <====> Details: could not convert string to float: 'None'
2020-11-13 16:02:25,260 - root - ERROR - State:      Getting number of trades       <====> Error Class:<class 'ValueError'> <====> Details: could not convert string to float: 'None'
2020-11-13 16:02:25,261 - root - ERROR - State:      Determining volume filter      <====> Error Class:<class 'ZeroDivisionError'> <====> Details: division by zero    
2020-11-13 16:02:51,555 - root - ERROR - State:      Getting number of trades       <====> Error Class: <class 'KeyError'>  <====> Details: 'UNI'               
2020-11-13 16:02:51,555 - root - ERROR - State:      Getting number of trades       <====> Error Class: <class 'KeyError'>  <====> Details: 'CPV'               
2020-11-13 16:02:51,555 - root - ERROR - State:      Getting number of trades       <====> Error Class: <class 'KeyError'>  <====> Details: 'CPVB'              
2020-11-13 16:02:51,555 - root - ERROR - State:      Getting number of trades       <====> Error Class: <class 'KeyError'>  <====> Details: 'RWM'               
2020-11-13 16:02:51,555 - root - ERROR - State:      Getting number of trades       <====> Error Class: <class 'KeyError'>  <====> Details: 'LRP'               
2020-11-13 16:02:51,555 - root - ERROR - State:      Getting number of trades       <====> Error Class: <class 'KeyError'>  <====> Details: 'DNA'               
2020-11-13 16:02:51,555 - root - ERROR - State:      Getting number of trades       <====> Error Class: <class 'KeyError'>  <====> Details: 'SMC2B'             
2020-11-13 16:02:51,555 - root - ERROR - State:      Getting number of trades       <====> Error Class: <class 'KeyError'>  <====> Details: 'FGENF'             
2020-11-13 16:02:51,555 - root - ERROR - State:      Getting number of trades       <====> Error Class: <class 'KeyError'>  <====> Details: 'PRF2A'             
2020-11-13 16:02:51,555 - root - ERROR - State:      Getting number of trades       <====> Error Class: <class 'KeyError'>  <====> Details: 'ACPB2'             
2020-11-13 16:02:51,557 - root - ERROR - State:      Getting number of trades       <====> Error Class:<class 'ValueError'> <====> Details: could not convert string to float: 'None'
2020-11-13 16:02:51,557 - root - ERROR - State:      Getting number of trades       <====> Error Class:<class 'ValueError'> <====> Details: could not convert string to float: 'None'
2020-11-13 16:02:51,557 - root - ERROR - State:      Getting number of trades       <====> Error Class:<class 'ValueError'> <====> Details: could not convert string to float: 'None'
2020-11-13 16:02:51,557 - root - ERROR - State:      Getting number of trades       <====> Error Class:<class 'ValueError'> <====> Details: could not convert string to float: 'None'
2020-11-13 16:02:51,557 - root - ERROR - State:      Getting number of trades       <====> Error Class:<class 'ValueError'> <====> Details: could not convert string to float: 'None'
2020-11-13 16:02:51,557 - root - ERROR - State:      Getting number of trades       <====> Error Class:<class 'ValueError'> <====> Details: could not convert string to float: 'None'
2020-11-13 16:02:51,557 - root - ERROR - State:      Getting number of trades       <====> Error Class:<class 'ValueError'> <====> Details: could not convert string to float: 'None'
2020-11-13 16:02:51,557 - root - ERROR - State:      Getting number of trades       <====> Error Class:<class 'ValueError'> <====> Details: could not convert string to float: 'None'
2020-11-13 16:02:51,557 - root - ERROR - State:     Testing EOD Reg conditions      <====> Error Class: <class 'KeyError'>  <====> Details: 'No. of trades'     
2020-11-13 16:02:51,557 - root - ERROR - State:      Determining volume filter      <====> Error Class:<class 'ZeroDivisionError'> <====> Details: division by zero    
2020-11-13 16:02:51,557 - root - ERROR - State:      Determining volume filter      <====> Error Class:<class 'ZeroDivisionError'> <====> Details: division by zero    
2020-11-13 16:02:51,557 - root - ERROR - State:     Testing EOD Reg conditions      <====> Error Class: <class 'KeyError'>  <====> Details: 'No. of trades'     
2020-11-13 16:02:51,557 - root - ERROR - State:     Testing EOD Reg conditions      <====> Error Class: <class 'KeyError'>  <====> Details: 'No. of trades'     
2020-11-13 16:02:51,557 - root - ERROR - State:     Testing EOD Reg conditions      <====> Error Class: <class 'KeyError'>  <====> Details: 'No. of trades'     
2020-11-13 16:02:51,557 - root - ERROR - State:     Testing EOD Reg conditions      <====> Error Class: <class 'KeyError'>  <====> Details: 'No. of trades'     
2020-11-13 16:02:51,557 - root - ERROR - State:     Testing EOD Reg conditions      <====> Error Class: <class 'KeyError'>  <====> Details: 'No. of trades'     
2020-11-13 16:02:51,557 - root - ERROR - State:     Testing EOD Reg conditions      <====> Error Class: <class 'KeyError'>  <====> Details: 'No. of trades'     
2020-11-13 16:02:51,557 - root - ERROR - State:     Testing EOD Reg conditions      <====> Error Class: <class 'KeyError'>  <====> Details: 'No. of trades'     
2020-11-13 16:02:51,557 - root - ERROR - State:      Determining volume filter      <====> Error Class:<class 'ZeroDivisionError'> <====> Details: division by zero    
2020-11-13 16:02:51,557 - root - ERROR - State:   Testing EOD Oversold conditions   <====> Error Class: <class 'KeyError'>  <====> Details: 'No. of trades'     
2020-11-13 16:02:51,557 - root - ERROR - State:      Determining volume filter      <====> Error Class:<class 'ZeroDivisionError'> <====> Details: division by zero    
2020-11-13 16:02:51,557 - root - ERROR - State:      Determining volume filter      <====> Error Class:<class 'ZeroDivisionError'> <====> Details: division by zero    
2020-11-13 16:02:51,557 - root - ERROR - State:   Testing EOD Oversold conditions   <====> Error Class: <class 'KeyError'>  <====> Details: 'No. of trades'     
2020-11-13 16:02:51,557 - root - ERROR - State:   Testing EOD Oversold conditions   <====> Error Class: <class 'KeyError'>  <====> Details: 'No. of trades'     
2020-11-13 16:02:51,557 - root - ERROR - State:   Testing EOD Oversold conditions   <====> Error Class: <class 'KeyError'>  <====> Details: 'No. of trades'     
2020-11-13 16:02:51,557 - root - ERROR - State:   Testing EOD Oversold conditions   <====> Error Class: <class 'KeyError'>  <====> Details: 'No. of trades'     
2020-11-13 16:02:51,557 - root - ERROR - State:   Testing EOD Oversold conditions   <====> Error Class: <class 'KeyError'>  <====> Details: 'No. of trades'     
2020-11-13 16:02:51,557 - root - ERROR - State:   Testing EOD Oversold conditions   <====> Error Class: <class 'KeyError'>  <====> Details: 'No. of trades'     
2020-11-13 16:02:51,557 - root - ERROR - State:   Testing EOD Oversold conditions   <====> Error Class: <class 'KeyError'>  <====> Details: 'No. of trades'     
2020-11-13 16:02:51,557 - root - ERROR - State:      Determining volume filter      <====> Error Class:<class 'ZeroDivisionError'> <====> Details: division by zero    
2020-11-13 16:04:08,712 - root - ERROR - State:      Getting number of trades       <====> Error Class: <class 'KeyError'>  <====> Details: 'UNI'               
2020-11-13 16:04:08,712 - root - ERROR - State:      Getting number of trades       <====> Error Class: <class 'KeyError'>  <====> Details: 'CPV'               
2020-11-13 16:04:08,712 - root - ERROR - State:      Getting number of trades       <====> Error Class: <class 'KeyError'>  <====> Details: 'CPVB'              
2020-11-13 16:04:08,712 - root - ERROR - State:      Getting number of trades       <====> Error Class: <class 'KeyError'>  <====> Details: 'RWM'               
2020-11-13 16:04:08,712 - root - ERROR - State:      Getting number of trades       <====> Error Class: <class 'KeyError'>  <====> Details: 'LRP'               
2020-11-13 16:04:08,712 - root - ERROR - State:      Getting number of trades       <====> Error Class: <class 'KeyError'>  <====> Details: 'DNA'               
2020-11-13 16:04:08,712 - root - ERROR - State:      Getting number of trades       <====> Error Class: <class 'KeyError'>  <====> Details: 'SMC2B'             
2020-11-13 16:04:08,712 - root - ERROR - State:      Getting number of trades       <====> Error Class: <class 'KeyError'>  <====> Details: 'FGENF'             
2020-11-13 16:04:08,712 - root - ERROR - State:      Getting number of trades       <====> Error Class: <class 'KeyError'>  <====> Details: 'PRF2A'             
2020-11-13 16:04:08,712 - root - ERROR - State:      Getting number of trades       <====> Error Class: <class 'KeyError'>  <====> Details: 'ACPB2'             
2020-11-13 16:04:08,712 - root - ERROR - State:      Getting number of trades       <====> Error Class:<class 'ValueError'> <====> Details: could not convert string to float: 'None'
2020-11-13 16:04:08,712 - root - ERROR - State:      Getting number of trades       <====> Error Class:<class 'ValueError'> <====> Details: could not convert string to float: 'None'
2020-11-13 16:04:08,712 - root - ERROR - State:      Getting number of trades       <====> Error Class:<class 'ValueError'> <====> Details: could not convert string to float: 'None'
2020-11-13 16:04:08,712 - root - ERROR - State:      Getting number of trades       <====> Error Class:<class 'ValueError'> <====> Details: could not convert string to float: 'None'
2020-11-13 16:04:08,712 - root - ERROR - State:      Getting number of trades       <====> Error Class:<class 'ValueError'> <====> Details: could not convert string to float: 'None'
2020-11-13 16:04:08,712 - root - ERROR - State:      Getting number of trades       <====> Error Class:<class 'ValueError'> <====> Details: could not convert string to float: 'None'
2020-11-13 16:04:08,712 - root - ERROR - State:      Getting number of trades       <====> Error Class:<class 'ValueError'> <====> Details: could not convert string to float: 'None'
2020-11-13 16:04:08,712 - root - ERROR - State:      Getting number of trades       <====> Error Class:<class 'ValueError'> <====> Details: could not convert string to float: 'None'
2020-11-13 16:04:08,712 - root - ERROR - State:      Determining volume filter      <====> Error Class:<class 'ZeroDivisionError'> <====> Details: division by zero    
2020-11-13 16:04:47,276 - root - ERROR - State:      Getting number of trades       <====> Error Class: <class 'KeyError'>  <====> Details: 'UNI'               
2020-11-13 16:04:47,276 - root - ERROR - State:      Getting number of trades       <====> Error Class: <class 'KeyError'>  <====> Details: 'CPV'               
2020-11-13 16:04:47,276 - root - ERROR - State:      Getting number of trades       <====> Error Class: <class 'KeyError'>  <====> Details: 'CPVB'              
2020-11-13 16:04:47,276 - root - ERROR - State:      Getting number of trades       <====> Error Class: <class 'KeyError'>  <====> Details: 'RWM'               
2020-11-13 16:04:47,276 - root - ERROR - State:      Getting number of trades       <====> Error Class: <class 'KeyError'>  <====> Details: 'LRP'               
2020-11-13 16:04:47,276 - root - ERROR - State:      Getting number of trades       <====> Error Class: <class 'KeyError'>  <====> Details: 'DNA'               
2020-11-13 16:04:47,276 - root - ERROR - State:      Getting number of trades       <====> Error Class: <class 'KeyError'>  <====> Details: 'SMC2B'             
2020-11-13 16:04:47,276 - root - ERROR - State:      Getting number of trades       <====> Error Class: <class 'KeyError'>  <====> Details: 'FGENF'             
2020-11-13 16:04:47,276 - root - ERROR - State:      Getting number of trades       <====> Error Class: <class 'KeyError'>  <====> Details: 'PRF2A'             
2020-11-13 16:04:47,276 - root - ERROR - State:      Getting number of trades       <====> Error Class: <class 'KeyError'>  <====> Details: 'ACPB2'             
2020-11-13 16:04:47,276 - root - ERROR - State:      Getting number of trades       <====> Error Class:<class 'ValueError'> <====> Details: could not convert string to float: 'None'
2020-11-13 16:04:47,276 - root - ERROR - State:      Getting number of trades       <====> Error Class:<class 'ValueError'> <====> Details: could not convert string to float: 'None'
2020-11-13 16:04:47,276 - root - ERROR - State:      Getting number of trades       <====> Error Class:<class 'ValueError'> <====> Details: could not convert string to float: 'None'
2020-11-13 16:04:47,276 - root - ERROR - State:      Getting number of trades       <====> Error Class:<class 'ValueError'> <====> Details: could not convert string to float: 'None'
2020-11-13 16:04:47,284 - root - ERROR - State:      Getting number of trades       <====> Error Class:<class 'ValueError'> <====> Details: could not convert string to float: 'None'
2020-11-13 16:04:47,284 - root - ERROR - State:      Getting number of trades       <====> Error Class:<class 'ValueError'> <====> Details: could not convert string to float: 'None'
2020-11-13 16:04:47,284 - root - ERROR - State:      Getting number of trades       <====> Error Class:<class 'ValueError'> <====> Details: could not convert string to float: 'None'
2020-11-13 16:04:47,284 - root - ERROR - State:      Getting number of trades       <====> Error Class:<class 'ValueError'> <====> Details: could not convert string to float: 'None'
2020-11-13 16:04:57,889 - root - ERROR - State:      Getting number of trades       <====> Error Class: <class 'KeyError'>  <====> Details: 'UNI'               
2020-11-13 16:04:57,889 - root - ERROR - State:      Getting number of trades       <====> Error Class: <class 'KeyError'>  <====> Details: 'CPV'               
2020-11-13 16:04:57,889 - root - ERROR - State:      Getting number of trades       <====> Error Class: <class 'KeyError'>  <====> Details: 'CPVB'              
2020-11-13 16:04:57,889 - root - ERROR - State:      Getting number of trades       <====> Error Class: <class 'KeyError'>  <====> Details: 'RWM'               
2020-11-13 16:04:57,891 - root - ERROR - State:      Getting number of trades       <====> Error Class: <class 'KeyError'>  <====> Details: 'LRP'               
2020-11-13 16:04:57,891 - root - ERROR - State:      Getting number of trades       <====> Error Class: <class 'KeyError'>  <====> Details: 'DNA'               
2020-11-13 16:04:57,891 - root - ERROR - State:      Getting number of trades       <====> Error Class: <class 'KeyError'>  <====> Details: 'SMC2B'             
2020-11-13 16:04:57,891 - root - ERROR - State:      Getting number of trades       <====> Error Class: <class 'KeyError'>  <====> Details: 'FGENF'             
2020-11-13 16:04:57,891 - root - ERROR - State:      Getting number of trades       <====> Error Class: <class 'KeyError'>  <====> Details: 'PRF2A'             
2020-11-13 16:04:57,891 - root - ERROR - State:      Getting number of trades       <====> Error Class: <class 'KeyError'>  <====> Details: 'ACPB2'             
2020-11-13 16:04:57,891 - root - ERROR - State:      Getting number of trades       <====> Error Class:<class 'ValueError'> <====> Details: could not convert string to float: 'None'
2020-11-13 16:04:57,891 - root - ERROR - State:      Getting number of trades       <====> Error Class:<class 'ValueError'> <====> Details: could not convert string to float: 'None'
2020-11-13 16:04:57,891 - root - ERROR - State:      Getting number of trades       <====> Error Class:<class 'ValueError'> <====> Details: could not convert string to float: 'None'
2020-11-13 16:04:57,891 - root - ERROR - State:      Getting number of trades       <====> Error Class:<class 'ValueError'> <====> Details: could not convert string to float: 'None'
2020-11-13 16:04:57,891 - root - ERROR - State:      Getting number of trades       <====> Error Class:<class 'ValueError'> <====> Details: could not convert string to float: 'None'
2020-11-13 16:04:57,891 - root - ERROR - State:      Getting number of trades       <====> Error Class:<class 'ValueError'> <====> Details: could not convert string to float: 'None'
2020-11-13 16:04:57,891 - root - ERROR - State:      Getting number of trades       <====> Error Class:<class 'ValueError'> <====> Details: could not convert string to float: 'None'
2020-11-13 16:04:57,891 - root - ERROR - State:      Getting number of trades       <====> Error Class:<class 'ValueError'> <====> Details: could not convert string to float: 'None'
2020-11-13 16:05:28,969 - root - ERROR - State:      Getting number of trades       <====> Error Class: <class 'KeyError'>  <====> Details: 'UNI'               
2020-11-13 16:05:28,969 - root - ERROR - State:      Getting number of trades       <====> Error Class: <class 'KeyError'>  <====> Details: 'CPV'               
2020-11-13 16:05:28,969 - root - ERROR - State:      Getting number of trades       <====> Error Class: <class 'KeyError'>  <====> Details: 'CPVB'              
2020-11-13 16:05:28,969 - root - ERROR - State:      Getting number of trades       <====> Error Class: <class 'KeyError'>  <====> Details: 'RWM'               
2020-11-13 16:05:28,969 - root - ERROR - State:      Getting number of trades       <====> Error Class: <class 'KeyError'>  <====> Details: 'LRP'               
2020-11-13 16:05:28,969 - root - ERROR - State:      Getting number of trades       <====> Error Class: <class 'KeyError'>  <====> Details: 'DNA'               
2020-11-13 16:05:28,969 - root - ERROR - State:      Getting number of trades       <====> Error Class: <class 'KeyError'>  <====> Details: 'SMC2B'             
2020-11-13 16:05:28,969 - root - ERROR - State:      Getting number of trades       <====> Error Class: <class 'KeyError'>  <====> Details: 'FGENF'             
2020-11-13 16:05:28,969 - root - ERROR - State:      Getting number of trades       <====> Error Class: <class 'KeyError'>  <====> Details: 'PRF2A'             
2020-11-13 16:05:28,969 - root - ERROR - State:      Getting number of trades       <====> Error Class: <class 'KeyError'>  <====> Details: 'ACPB2'             
2020-11-13 16:05:28,969 - root - ERROR - State:      Getting number of trades       <====> Error Class:<class 'ValueError'> <====> Details: could not convert string to float: 'None'
2020-11-13 16:05:28,969 - root - ERROR - State:      Getting number of trades       <====> Error Class:<class 'ValueError'> <====> Details: could not convert string to float: 'None'
2020-11-13 16:05:28,969 - root - ERROR - State:      Getting number of trades       <====> Error Class:<class 'ValueError'> <====> Details: could not convert string to float: 'None'
2020-11-13 16:05:28,969 - root - ERROR - State:      Getting number of trades       <====> Error Class:<class 'ValueError'> <====> Details: could not convert string to float: 'None'
2020-11-13 16:05:28,969 - root - ERROR - State:      Getting number of trades       <====> Error Class:<class 'ValueError'> <====> Details: could not convert string to float: 'None'
2020-11-13 16:05:28,969 - root - ERROR - State:      Getting number of trades       <====> Error Class:<class 'ValueError'> <====> Details: could not convert string to float: 'None'
2020-11-13 16:05:28,969 - root - ERROR - State:      Getting number of trades       <====> Error Class:<class 'ValueError'> <====> Details: could not convert string to float: 'None'
2020-11-13 16:05:28,969 - root - ERROR - State:      Getting number of trades       <====> Error Class:<class 'ValueError'> <====> Details: could not convert string to float: 'None'
2020-11-13 16:05:28,969 - root - ERROR - State:      Determining volume filter      <====> Error Class:<class 'ZeroDivisionError'> <====> Details: division by zero    
2020-11-13 16:07:22,086 - root - ERROR - State:      Getting number of trades       <====> Error Class: <class 'KeyError'>  <====> Details: 'UNI'               
2020-11-13 16:07:22,086 - root - ERROR - State:      Getting number of trades       <====> Error Class: <class 'KeyError'>  <====> Details: 'CPV'               
2020-11-13 16:07:22,086 - root - ERROR - State:      Getting number of trades       <====> Error Class: <class 'KeyError'>  <====> Details: 'CPVB'              
2020-11-13 16:07:22,086 - root - ERROR - State:      Getting number of trades       <====> Error Class: <class 'KeyError'>  <====> Details: 'RWM'               
2020-11-13 16:07:22,087 - root - ERROR - State:      Getting number of trades       <====> Error Class: <class 'KeyError'>  <====> Details: 'LRP'               
2020-11-13 16:07:22,087 - root - ERROR - State:      Getting number of trades       <====> Error Class: <class 'KeyError'>  <====> Details: 'DNA'               
2020-11-13 16:07:22,087 - root - ERROR - State:      Getting number of trades       <====> Error Class: <class 'KeyError'>  <====> Details: 'SMC2B'             
2020-11-13 16:07:22,087 - root - ERROR - State:      Getting number of trades       <====> Error Class: <class 'KeyError'>  <====> Details: 'FGENF'             
2020-11-13 16:07:22,087 - root - ERROR - State:      Getting number of trades       <====> Error Class: <class 'KeyError'>  <====> Details: 'PRF2A'             
2020-11-13 16:07:22,087 - root - ERROR - State:      Getting number of trades       <====> Error Class: <class 'KeyError'>  <====> Details: 'ACPB2'             
2020-11-13 16:07:22,088 - root - ERROR - State:      Getting number of trades       <====> Error Class:<class 'ValueError'> <====> Details: could not convert string to float: 'None'
2020-11-13 16:07:22,088 - root - ERROR - State:      Getting number of trades       <====> Error Class:<class 'ValueError'> <====> Details: could not convert string to float: 'None'
2020-11-13 16:07:22,088 - root - ERROR - State:      Getting number of trades       <====> Error Class:<class 'ValueError'> <====> Details: could not convert string to float: 'None'
2020-11-13 16:07:22,088 - root - ERROR - State:      Getting number of trades       <====> Error Class:<class 'ValueError'> <====> Details: could not convert string to float: 'None'
2020-11-13 16:07:22,088 - root - ERROR - State:      Getting number of trades       <====> Error Class:<class 'ValueError'> <====> Details: could not convert string to float: 'None'
2020-11-13 16:07:22,088 - root - ERROR - State:      Getting number of trades       <====> Error Class:<class 'ValueError'> <====> Details: could not convert string to float: 'None'
2020-11-13 16:07:22,088 - root - ERROR - State:      Getting number of trades       <====> Error Class:<class 'ValueError'> <====> Details: could not convert string to float: 'None'
2020-11-13 16:07:22,088 - root - ERROR - State:      Getting number of trades       <====> Error Class:<class 'ValueError'> <====> Details: could not convert string to float: 'None'
2020-11-13 16:07:22,088 - root - ERROR - State:      Determining volume filter      <====> Error Class:<class 'ZeroDivisionError'> <====> Details: division by zero    
2020-11-13 16:10:33,997 - root - ERROR - State:      Getting number of trades       <====> Error Class: <class 'KeyError'>  <====> Details: 'UNI'               
2020-11-13 16:10:33,997 - root - ERROR - State:      Getting number of trades       <====> Error Class: <class 'KeyError'>  <====> Details: 'CPV'               
2020-11-13 16:10:33,997 - root - ERROR - State:      Getting number of trades       <====> Error Class: <class 'KeyError'>  <====> Details: 'CPVB'              
2020-11-13 16:10:33,997 - root - ERROR - State:      Getting number of trades       <====> Error Class: <class 'KeyError'>  <====> Details: 'RWM'               
2020-11-13 16:10:33,997 - root - ERROR - State:      Getting number of trades       <====> Error Class: <class 'KeyError'>  <====> Details: 'LRP'               
2020-11-13 16:10:33,997 - root - ERROR - State:      Getting number of trades       <====> Error Class: <class 'KeyError'>  <====> Details: 'DNA'               
2020-11-13 16:10:33,997 - root - ERROR - State:      Getting number of trades       <====> Error Class: <class 'KeyError'>  <====> Details: 'SMC2B'             
2020-11-13 16:10:33,997 - root - ERROR - State:      Getting number of trades       <====> Error Class: <class 'KeyError'>  <====> Details: 'FGENF'             
2020-11-13 16:10:33,998 - root - ERROR - State:      Getting number of trades       <====> Error Class: <class 'KeyError'>  <====> Details: 'PRF2A'             
2020-11-13 16:10:33,998 - root - ERROR - State:      Getting number of trades       <====> Error Class: <class 'KeyError'>  <====> Details: 'ACPB2'             
2020-11-13 16:10:33,998 - root - ERROR - State:      Getting number of trades       <====> Error Class:<class 'ValueError'> <====> Details: could not convert string to float: 'None'
2020-11-13 16:10:33,998 - root - ERROR - State:      Getting number of trades       <====> Error Class:<class 'ValueError'> <====> Details: could not convert string to float: 'None'
2020-11-13 16:10:33,998 - root - ERROR - State:      Getting number of trades       <====> Error Class:<class 'ValueError'> <====> Details: could not convert string to float: 'None'
2020-11-13 16:10:33,998 - root - ERROR - State:      Getting number of trades       <====> Error Class:<class 'ValueError'> <====> Details: could not convert string to float: 'None'
2020-11-13 16:10:33,998 - root - ERROR - State:      Getting number of trades       <====> Error Class:<class 'ValueError'> <====> Details: could not convert string to float: 'None'
2020-11-13 16:10:33,998 - root - ERROR - State:      Getting number of trades       <====> Error Class:<class 'ValueError'> <====> Details: could not convert string to float: 'None'
2020-11-13 16:10:33,998 - root - ERROR - State:      Getting number of trades       <====> Error Class:<class 'ValueError'> <====> Details: could not convert string to float: 'None'
2020-11-13 16:10:33,998 - root - ERROR - State:      Getting number of trades       <====> Error Class:<class 'ValueError'> <====> Details: could not convert string to float: 'None'
2020-11-13 16:10:33,998 - root - ERROR - State:      Determining volume filter      <====> Error Class:<class 'ZeroDivisionError'> <====> Details: division by zero    
2020-11-13 16:10:33,998 - root - ERROR - State:       Getting Filtered Stocks       <====> Error Class: <class 'KeyError'>  <====> Details: 'No. of trades'     
2020-11-13 16:11:36,388 - root - ERROR - State:      Getting number of trades       <====> Error Class: <class 'KeyError'>  <====> Details: 'UNI'               
2020-11-13 16:11:36,388 - root - ERROR - State:      Getting number of trades       <====> Error Class: <class 'KeyError'>  <====> Details: 'CPV'               
2020-11-13 16:11:36,388 - root - ERROR - State:      Getting number of trades       <====> Error Class: <class 'KeyError'>  <====> Details: 'CPVB'              
2020-11-13 16:11:36,388 - root - ERROR - State:      Getting number of trades       <====> Error Class: <class 'KeyError'>  <====> Details: 'RWM'               
2020-11-13 16:11:36,388 - root - ERROR - State:      Getting number of trades       <====> Error Class: <class 'KeyError'>  <====> Details: 'LRP'               
2020-11-13 16:11:36,388 - root - ERROR - State:      Getting number of trades       <====> Error Class: <class 'KeyError'>  <====> Details: 'DNA'               
2020-11-13 16:11:36,388 - root - ERROR - State:      Getting number of trades       <====> Error Class: <class 'KeyError'>  <====> Details: 'SMC2B'             
2020-11-13 16:11:36,388 - root - ERROR - State:      Getting number of trades       <====> Error Class: <class 'KeyError'>  <====> Details: 'FGENF'             
2020-11-13 16:11:36,388 - root - ERROR - State:      Getting number of trades       <====> Error Class: <class 'KeyError'>  <====> Details: 'PRF2A'             
2020-11-13 16:11:36,388 - root - ERROR - State:      Getting number of trades       <====> Error Class: <class 'KeyError'>  <====> Details: 'ACPB2'             
2020-11-13 16:11:36,390 - root - ERROR - State:      Getting number of trades       <====> Error Class:<class 'ValueError'> <====> Details: could not convert string to float: 'None'
2020-11-13 16:11:36,390 - root - ERROR - State:      Getting number of trades       <====> Error Class:<class 'ValueError'> <====> Details: could not convert string to float: 'None'
2020-11-13 16:11:36,390 - root - ERROR - State:      Getting number of trades       <====> Error Class:<class 'ValueError'> <====> Details: could not convert string to float: 'None'
2020-11-13 16:11:36,390 - root - ERROR - State:      Getting number of trades       <====> Error Class:<class 'ValueError'> <====> Details: could not convert string to float: 'None'
2020-11-13 16:11:36,390 - root - ERROR - State:      Getting number of trades       <====> Error Class:<class 'ValueError'> <====> Details: could not convert string to float: 'None'
2020-11-13 16:11:36,390 - root - ERROR - State:      Getting number of trades       <====> Error Class:<class 'ValueError'> <====> Details: could not convert string to float: 'None'
2020-11-13 16:11:36,390 - root - ERROR - State:      Getting number of trades       <====> Error Class:<class 'ValueError'> <====> Details: could not convert string to float: 'None'
2020-11-13 16:11:36,390 - root - ERROR - State:      Getting number of trades       <====> Error Class:<class 'ValueError'> <====> Details: could not convert string to float: 'None'
2020-11-13 16:11:36,390 - root - ERROR - State:      Determining volume filter      <====> Error Class:<class 'ZeroDivisionError'> <====> Details: division by zero    
2020-11-13 16:11:36,390 - root - ERROR - State:       Getting Filtered Stocks       <====> Error Class: <class 'KeyError'>  <====> Details: 'No. of trades'     
2020-11-13 16:11:36,390 - root - ERROR - State:      Determining volume filter      <====> Error Class:<class 'ZeroDivisionError'> <====> Details: division by zero    
2020-11-13 16:11:36,390 - root - ERROR - State:       Getting Filtered Stocks       <====> Error Class: <class 'KeyError'>  <====> Details: 'No. of trades'     
2020-11-13 16:11:36,390 - root - ERROR - State:       Getting Filtered Stocks       <====> Error Class: <class 'KeyError'>  <====> Details: 'No. of trades'     
2020-11-13 16:11:36,390 - root - ERROR - State:       Getting Filtered Stocks       <====> Error Class: <class 'KeyError'>  <====> Details: 'No. of trades'     
2020-11-13 16:11:36,390 - root - ERROR - State:       Getting Filtered Stocks       <====> Error Class: <class 'KeyError'>  <====> Details: 'No. of trades'     
2020-11-13 16:11:36,390 - root - ERROR - State:       Getting Filtered Stocks       <====> Error Class: <class 'KeyError'>  <====> Details: 'No. of trades'     
2020-11-13 16:11:36,390 - root - ERROR - State:       Getting Filtered Stocks       <====> Error Class: <class 'KeyError'>  <====> Details: 'No. of trades'     
2020-11-13 16:11:36,390 - root - ERROR - State:       Getting Filtered Stocks       <====> Error Class: <class 'KeyError'>  <====> Details: 'No. of trades'     
2020-11-13 16:11:36,390 - root - ERROR - State:      Determining volume filter      <====> Error Class:<class 'ZeroDivisionError'> <====> Details: division by zero    
